0 verbose cli C:\Program Files\nodejs\node.exe C:\Users\Ravi Silva\AppData\Roaming\npm\node_modules\npm\bin\npm-cli.js
1 info using npm@8.19.2
2 info using node@v16.17.0
3 timing npm:load:whichnode Completed in 0ms
4 timing config:load:defaults Completed in 2ms
5 timing config:load:file:C:\Users\Ravi Silva\AppData\Roaming\npm\node_modules\npm\npmrc Completed in 3ms
6 timing config:load:builtin Completed in 3ms
7 timing config:load:cli Completed in 1ms
8 timing config:load:env Completed in 1ms
9 timing config:load:project Completed in 2ms
10 timing config:load:file:C:\Users\Ravi Silva\.npmrc Completed in 1ms
11 timing config:load:user Completed in 1ms
12 timing config:load:file:C:\Users\Ravi Silva\AppData\Roaming\npm\etc\npmrc Completed in 0ms
13 timing config:load:global Completed in 0ms
14 timing config:load:validate Completed in 0ms
15 timing config:load:credentials Completed in 1ms
16 timing config:load:setEnvs Completed in 1ms
17 timing config:load Completed in 13ms
18 timing npm:load:configload Completed in 13ms
19 timing npm:load:mkdirpcache Completed in 1ms
20 timing npm:load:mkdirplogs Completed in 0ms
21 verbose title npm init
22 verbose argv "init"
23 timing npm:load:setTitle Completed in 1ms
24 timing config:load:flatten Completed in 4ms
25 timing npm:load:display Completed in 5ms
26 verbose logfile logs-max:10 dir:C:\Users\Ravi Silva\Desktop\Trabalho 02 - Arvore de Merkley\ArvoreMerklee Repositorio\_logs
27 verbose logfile C:\Users\Ravi Silva\Desktop\Trabalho 02 - Arvore de Merkley\ArvoreMerklee Repositorio\_logs\2022-10-05T21_32_43_026Z-debug-0.log
28 timing npm:load:logFile Completed in 6ms
29 timing npm:load:timers Completed in 0ms
30 timing npm:load:configScope Completed in 0ms
31 timing npm:load Completed in 27ms
32 silly logfile done cleaning log files
33 http fetch GET 200 https://registry.npmjs.org/npm 1732ms (cache miss)
34 silly package data {
34 silly package data   name: 'arvore-merkle',
34 silly package data   version: '1.0.0',
34 silly package data   description: '',
34 silly package data   main: 'index.js',
34 silly package data   scripts: { test: 'echo "Error: no test specified" && exit 1' },
34 silly package data   author: 'Ravi Silva',
34 silly package data   license: 'ISC'
34 silly package data }
35 info init written successfully
36 timing command:init Completed in 37465ms
37 verbose exit 0
38 timing npm Completed in 37818ms
39 info ok
